<!doctype html>
<html class="no-js" lang="zh-CN">

<head>
        <link rel="canonical" href="https://freevmessnode.github.io/news/article-71567.htm" />
    <meta charset="utf-8">
    <meta http-equiv="x-ua-compatible" content="ie=edge">
    <title>Citus 分布式 PostgreSQL 集群 &#8211; SQL Reference(查询处理)</title>
        <meta name="description" content="一个Citus 集群由一个coordinator 实例和多个worker 实例组成。 数据在worker 上进行分片和复制，而coordinator 存储有关这些分片的元数据。向集群发出的所有查询都通" />
        <link rel="icon" href="/assets/website/img/freevmessnode/favicon.ico" type="image/x-icon"/>

    <meta name="author" content="FreeVmessNode免费订阅官网">
    <meta property="og:type" content="article" />
    <meta property="og:url" content="https://freevmessnode.github.io/news/article-71567.htm" />
    <meta property="og:site_name" content="FreeVmessNode免费订阅官网" />
    <meta property="og:title" content="Citus 分布式 PostgreSQL 集群 &#8211; SQL Reference(查询处理)" />
    <meta property="og:image" content="https://freevmessnode.github.io/uploads/20240805/bd75a3b470bdde1d3963236aaf6cc793.webp" />
        <meta property="og:release_date" content="2025-03-11T07:47:23" />
    <meta property="og:updated_time" content="2025-03-11T07:47:23" />
        <meta property="og:description" content="一个Citus 集群由一个coordinator 实例和多个worker 实例组成。 数据在worker 上进行分片和复制，而coordinator 存储有关这些分片的元数据。向集群发出的所有查询都通" />
        
    <meta name="viewport" content="width=device-width, initial-scale=1">
    <link rel="manifest" href="site.webmanifest">

    <meta name="applicable-device" content="pc,mobile" />
    <meta name="renderer" content="webkit" />
    <meta name="force-rendering" content="webkit" />
    <meta http-equiv="Cache-Control" content="no-transform" />
    <meta name="robots" content="max-image-preview:large" />
    <meta name="apple-mobile-web-app-capable" content="yes">
    <meta name="apple-mobile-web-app-status-bar-style" content="black">
    <meta name="apple-mobile-web-app-title" content="Citus 分布式 PostgreSQL 集群 &#8211; SQL Reference(查询处理)">
    <meta name="format-detection" content="telephone=no">

    <link rel="dns-prefetch" href="https:/www.googletagmanager.com">
    <link rel="dns-prefetch" href="https://www.googleadservices.com">
    <link rel="dns-prefetch" href="https://www.google-analytics.com">
    <link rel="dns-prefetch" href="https://pagead2.googlesyndication.com">
    <link rel="dns-prefetch" href="https://cm.g.doubleclick.net">
    
    <!-- CSS here -->
    <link rel="stylesheet" href="/assets/website/css/freevmessnode/bootstrap.min.css">
    <link rel="stylesheet" href="/assets/website/css/freevmessnode/owl.carousel.min.css">
    <link rel="stylesheet" href="/assets/website/css/freevmessnode/slicknav.css">
    <link rel="stylesheet" href="/assets/website/css/freevmessnode/flaticon.css">
    <link rel="stylesheet" href="/assets/website/css/freevmessnode/animate.min.css">
    <link rel="stylesheet" href="/assets/website/css/freevmessnode/magnific-popup.css">
    <link rel="stylesheet" href="/assets/website/css/freevmessnode/fontawesome-all.min.css">
    <link rel="stylesheet" href="/assets/website/css/freevmessnode/themify-icons.css">
    <link rel="stylesheet" href="/assets/website/css/freevmessnode/slick.css">
    <link rel="stylesheet" href="/assets/website/css/freevmessnode/nice-select.css">
    <link rel="stylesheet" href="/assets/website/css/freevmessnode/style.css">
    <!-- Google tag (gtag.js) -->
<script async src="https://www.googletagmanager.com/gtag/js?id=G-4H6D9QQ70R"></script>
<script>
  window.dataLayer = window.dataLayer || [];
  function gtag(){dataLayer.push(arguments);}
  gtag('js', new Date());

  gtag('config', 'G-4H6D9QQ70R');
</script>
    <script async src="https://pagead2.googlesyndication.com/pagead/js/adsbygoogle.js?client=ca-pub-3332997411212854"
     crossorigin="anonymous"></script>
</head>

<body data-page="detail">
        <!-- Preloader Start -->
    <div id="preloader-active">
        <div class="preloader d-flex align-items-center justify-content-center">
            <div class="preloader-inner position-relative">
                <div class="preloader-circle"></div>
                <div class="preloader-img pere-text">
                    <a href="/">
                        Free Vmess Node                    </a>
                </div>
            </div>
        </div>
    </div>
    <!-- Preloader Start -->
    <header>
        <!-- Header Start -->
        <div class="header-area header-transparent">
            <div class="main-header">
                <div class="header-bottom  header-sticky">
                    <div class="container-fluid">
                        <div class="row align-items-center">
                            <!-- Logo -->
                            <div class="col-md-3">
                                <div class="logo">
                                    <a href="/">
                                                                        <span>Free Vmess Node</span>
                                                                        </a>
                                </div>
                            </div>
                            <div class="col-xl-8 col-lg-8 col-md-8">
                                <!-- Main-menu -->
                                <div class="main-menu f-right d-none d-lg-block">
                                    <nav>
                                        <ul id="navigation">
                                                                                        <li><a href="/">首页</a></li>
                                                                                        <li><a href="/free-nodes/">免费节点</a></li>
                                                                                        <li><a href="/paid-subscribe/">推荐机场</a></li>
                                                                                        <li><a href="/client.htm">客户端</a></li>
                                                                                        <li><a href="/news/">新闻资讯</a></li>
                                                                                    </ul>
                                    </nav>
                                </div>
                            </div>

                            <!-- Mobile Menu -->
                            <div class="col-12">
                                <div class="mobile_menu d-block d-lg-none"></div>
                            </div>
                        </div>
                    </div>
                </div>
            </div>
        </div>
        <!-- Header End -->
    </header>
    <main>
        <!-- Hero Start-->
        <div class="slider-area slider-bg ">
            <div class="single-slider d-flex align-items-center slider-height2 ">
                <div class="container">
                    <div class="row">
                        <div class="col-xl-12">
                            <div class="hero-cap text-center pt-50">
                                <h1>Citus 分布式 PostgreSQL 集群 &#8211; SQL Reference(查询处理)</h1>
                                <p>
                                    <a href="/">首页</a> / <a href="/news/">新闻资讯</a> / <span>正文</span>
                                </p>
                            </div>
                        </div>
                    </div>
                </div>
            </div>
            <!-- Slider Shape -->
            <div class="slider-shape d-none d-lg-block">
                <img class="slider-shape1" src="assets/img/hero/top-left-shape.png" alt="">
                <img class="slider-shape2" src="assets/img/hero/right-top-shape.png" alt="">
                <img class="slider-shape3" src="assets/img/hero/left-botom-shape.png" alt="">
            </div>
        </div>
        <!--Hero End -->
        <!-- Testimonial Start -->
        <div class="testimonial-area testimonial-padding mt-5">
            <div class="container ">
                <div class="row">
                    <div class="col-md-9">
                                        <input type="hidden" id="share-website-info" data-name="" data-url="">
                  				  				  				<p><img decoding="async" src="http://img.555519.xyz/uploads3/20220510/8edc4924ead4cec602cc8454eeeb1474.jpg" alt="Citus 分布式 PostgreSQL 集群 - SQL Reference(查询处理)"></p> <p>一个<code>Citus</code> 集群由一个<code>coordinator</code> 实例和多个<code>worker</code> 实例组成。 数据在<code>worker</code> 上进行分片和复制，而<code>coordinator</code> 存储有关这些分片的元数据。向集群发出的所有查询都通过<code>coordinator</code> 执行。<code>coordinator</code> 将查询划分为更小的查询片段，其中每个查询片段可以在分片上独立运行。然后协调器将查询片段分配给<code>worker</code>，监督他们的执行，合并他们的结果，并将最终结果返回给用户。 查询处理架构可以通过下图进行简要描述。</p> <p><code>Citus</code> 的查询处理管道涉及两个组件：</p> <ul> <li><strong>分布式查询计划器和执行器</strong></li> <li><strong>PostgreSQL 计划器和执行器</strong></li> </ul> <p>我们将在后续部分中更详细地讨论它们。</p> <h2 id="分布式查询计划器">分布式查询计划器</h2> <p><code>Citus</code> 的分布式查询计划器接收<code>SQL</code> 查询并规划它以进行分布式执行。</p> <p>对于<code>SELECT</code> 查询，计划器首先创建输入查询的计划树，并将其转换为可交换和关联形式，以便可以并行化。 它还应用了一些优化以确保以可扩展的方式执行查询，并最大限度地减少网络<code>I/O</code>。</p> <p>接下来，计划器将查询分为两部分 - 在<code>coordinator</code> 上运行的<code>coordinator</code> 查询和在<code>worker</code> 上的各个分片上运行的<code>worker</code> 查询片段。 然后，计划器将这些查询片段分配给<code>worker</code>，以便有效地使用他们的所有资源。 在这一步之后，分布式查询计划被传递给分布式执行器执行。</p> <p>分布列上的键值查找或修改查询的规划过程略有不同，因为它们恰好命中一个分片。一旦计划器收到传入的查询，它需要决定查询应该路由到的正确分片。 为此，它提取传入行中的分布列并查找元数据以确定查询的正确分片。 然后，计划器重写该命令的<code>SQL</code> 以引用分片表而不是原始表。 然后将该重写的计划传递给分布式执行器。</p> <h2 id="分布式查询执行器">分布式查询执行器</h2> <p><code>Citus</code> 的分布式执行器运行分布式查询计划并处理故障。 执行器非常适合快速响应涉及过滤器、聚合和共置连接的查询，以及运行具有完整<code>SQL</code> 覆盖的单租户查询。它根据需要为每个分片打开一个与<code>woker</code> 的连接，并将所有片段查询发送给他们。 然后它从每个片段查询中获取结果，合并它们，并将最终结果返回给用户。</p> <h3 id="子查询cte-push-pull-执行">子查询/CTE Push-Pull 执行</h3> <p>如有必要，<code>Citus</code> 可以将来自子查询和<code>CTE</code> 的结果收集到<code>coordinator</code> 节点中，然后将它们推送回<code>worker</code> 以供外部查询使用。这允许<code>Citus</code> 支持更多种类的<code>SQL</code> 构造。</p> <p>例如，在<code>WHERE</code> 子句中包含子查询有时不能与主查询同时执行内联，而必须单独执行。假设<code>Web</code> 分析应用程序维护一个按<code>page_id</code> 分区的<code>page_views</code> 表。要查询前<code>20</code> 个访问量最大的页面上的访问者主机数，我们可以使用子查询来查找页面列表，然后使用外部查询来计算主机数。</p> <pre><code class="language-sql">SELECT page_id, count(distinct host_ip) FROM page_views WHERE page_id IN (   SELECT page_id   FROM page_views   GROUP BY page_id   ORDER BY count(*) DESC   LIMIT 20 ) GROUP BY page_id;</code></pre> <p>执行器希望通过<code>page_id</code> 对每个分片运行此查询的片段，计算不同的<code>host_ips</code>，并在<code>coordinator</code> 上组合结果。但是，子查询中的<code>LIMIT</code> 意味着子查询不能作为片段的一部分执行。通过递归规划查询，<code>Citus</code> 可以单独运行子查询，将结果推送给所有<code>worker</code>，运行主片段查询，并将结果拉回<code>coordinator</code>。<code>push-pull(推拉)</code> 设计支持上述子查询。</p> <p>让我们通过查看此查询的<a href="http://www.m6000.cn/wp-content/themes/begin%20lts/inc/go.php?url=https://www.postgresql.org/docs/current/static/sql-explain.html"  target="_blank" rel="nofollow">EXPLAIN</a> 输出来了解这一点。它相当参与：</p> <pre><code class="language-sql">GroupAggregate  (cost=0.00..0.00 rows=0 width=0)   Group Key: remote_scan.page_id   -&gt;  Sort  (cost=0.00..0.00 rows=0 width=0)     Sort Key: remote_scan.page_id     -&gt;  Custom Scan (Citus Adaptive)  (cost=0.00..0.00 rows=0 width=0)       -&gt;  Distributed Subplan 6_1         -&gt;  Limit  (cost=0.00..0.00 rows=0 width=0)           -&gt;  Sort  (cost=0.00..0.00 rows=0 width=0)             Sort Key: COALESCE((pg_catalog.sum((COALESCE((pg_catalog.sum(remote_scan.worker_column_2))::bigint, '0'::bigint))))::bigint, '0'::bigint) DESC             -&gt;  HashAggregate  (cost=0.00..0.00 rows=0 width=0)               Group Key: remote_scan.page_id               -&gt;  Custom Scan (Citus Adaptive)  (cost=0.00..0.00 rows=0 width=0)                 Task Count: 32                 Tasks Shown: One of 32                 -&gt;  Task                   Node: host=localhost port=9701 dbname=postgres                   -&gt;  HashAggregate  (cost=54.70..56.70 rows=200 width=12)                     Group Key: page_id                     -&gt;  Seq Scan on page_views_102008 page_views  (cost=0.00..43.47 rows=2247 width=4)       Task Count: 32       Tasks Shown: One of 32       -&gt;  Task         Node: host=localhost port=9701 dbname=postgres         -&gt;  HashAggregate  (cost=84.50..86.75 rows=225 width=36)           Group Key: page_views.page_id, page_views.host_ip           -&gt;  Hash Join  (cost=17.00..78.88 rows=1124 width=36)             Hash Cond: (page_views.page_id = intermediate_result.page_id)             -&gt;  Seq Scan on page_views_102008 page_views  (cost=0.00..43.47 rows=2247 width=36)             -&gt;  Hash  (cost=14.50..14.50 rows=200 width=4)               -&gt;  HashAggregate  (cost=12.50..14.50 rows=200 width=4)                 Group Key: intermediate_result.page_id                 -&gt;  Function Scan on read_intermediate_result intermediate_result  (cost=0.00..10.00 rows=1000 width=4)</code></pre> <p>让我们把它拆开并检查每一块。</p> <pre><code class="language-sql">GroupAggregate  (cost=0.00..0.00 rows=0 width=0)   Group Key: remote_scan.page_id   -&gt;  Sort  (cost=0.00..0.00 rows=0 width=0)     Sort Key: remote_scan.page_id</code></pre> <p>树的<code>root</code> 是<code>coordinator</code> 节点对<code>worker</code> 的结果所做的事情。 在这种情况下，它正在对它们进行分组，并且<code>GroupAggregate</code> 要求首先对它们进行排序。</p> <pre><code class="language-sql">    -&gt;  Custom Scan (Citus Adaptive)  (cost=0.00..0.00 rows=0 width=0)       -&gt;  Distributed Subplan 6_1 .</code></pre> <p>自定义扫描有两个大子树，从“分布式子计划”开始。</p> <pre><code class="language-sql">        -&gt;  Limit  (cost=0.00..0.00 rows=0 width=0)           -&gt;  Sort  (cost=0.00..0.00 rows=0 width=0)             Sort Key: COALESCE((pg_catalog.sum((COALESCE((pg_catalog.sum(remote_scan.worker_column_2))::bigint, '0'::bigint))))::bigint, '0'::bigint) DESC             -&gt;  HashAggregate  (cost=0.00..0.00 rows=0 width=0)               Group Key: remote_scan.page_id               -&gt;  Custom Scan (Citus Adaptive)  (cost=0.00..0.00 rows=0 width=0)                 Task Count: 32                 Tasks Shown: One of 32                 -&gt;  Task                   Node: host=localhost port=9701 dbname=postgres                   -&gt;  HashAggregate  (cost=54.70..56.70 rows=200 width=12)                     Group Key: page_id                     -&gt;  Seq Scan on page_views_102008 page_views  (cost=0.00..43.47 rows=2247 width=4) .</code></pre> <p>工作节点为<code>32</code> 个分片中的每一个运行上述内容（<code>Citus</code> 正在选择一个代表进行显示）。 我们可以识别<code>IN (...)</code> 子查询的所有部分：排序、分组和限制。 当所有<code>worker</code> 完成此查询后，他们会将其输出发送回<code>coordinator</code>，<code>coordinator</code> 将其组合为“中间结果”。</p> <pre><code class="language-sql">      Task Count: 32       Tasks Shown: One of 32       -&gt;  Task         Node: host=localhost port=9701 dbname=postgres         -&gt;  HashAggregate  (cost=84.50..86.75 rows=225 width=36)           Group Key: page_views.page_id, page_views.host_ip           -&gt;  Hash Join  (cost=17.00..78.88 rows=1124 width=36)             Hash Cond: (page_views.page_id = intermediate_result.page_id) .</code></pre> <p><code>Citus</code> 在第二个子树中启动另一个执行器作业。它将在<code>page_views</code> 中计算不同的主机。 它使用<code>JOIN</code> 连接中间结果。中间结果将帮助它限制在前二十页。</p> <pre><code class="language-sql">            -&gt;  Seq Scan on page_views_102008 page_views  (cost=0.00..43.47 rows=2247 width=36)             -&gt;  Hash  (cost=14.50..14.50 rows=200 width=4)               -&gt;  HashAggregate  (cost=12.50..14.50 rows=200 width=4)                 Group Key: intermediate_result.page_id                 -&gt;  Function Scan on read_intermediate_result intermediate_result  (cost=0.00..10.00 rows=1000 width=4) .</code></pre> <p>工作人员使用<code>read_intermediate_result</code> 函数在内部检索中间结果，该函数从<code>coordinator</code> 节点复制的文件中加载数据。</p> <p>这个例子展示了<code>Citus</code> 如何使用分布式子计划在多个步骤中执行查询，以及如何使用<code>EXPLAIN</code> 来了解分布式查询执行。</p> <h2 id="postgresql-计划器和执行器">PostgreSQL 计划器和执行器</h2> <p>一旦分布式执行器将查询片段发送给<code>worker</code>，它们就会像常规<code>PostgreSQL</code> 查询一样被处理。 该<code>worker</code> 上的<code>PostgreSQL</code> 计划程序选择在相应分片表上本地执行该查询的最佳计划。<code>PostgreSQL</code> 执行器然后运行该查询并将查询结果返回给分布式执行器。您可以从<code>PostgreSQL</code> 手册中了解有关<code>PostgreSQL</code><a href="http://www.m6000.cn/wp-content/themes/begin%20lts/inc/go.php?url=http://www.postgresql.org/docs/current/static/planner-optimizer.html"  target="_blank" rel="nofollow">计划器</a>和<a href="http://www.m6000.cn/wp-content/themes/begin%20lts/inc/go.php?url=http://www.postgresql.org/docs/current/static/executor.html"  target="_blank" rel="nofollow">执行器</a>的更多信息。最后，分布式执行器将结果传递给<code>coordinator</code> 进行最终聚合。</p> <ul> <li><small>计划器</small> <ul> <li><small><a href="http://www.m6000.cn/wp-content/themes/begin%20lts/inc/go.php?url=http://www.postgresql.org/docs/current/static/planner-optimizer.html"  target="_blank" rel="nofollow">http://www.postgresql.org/docs/current/static/planner-optimizer.html</a></small></li> </ul> </li> <li><small>执行器</small> <ul> <li><small><a href="http://www.m6000.cn/wp-content/themes/begin%20lts/inc/go.php?url=http://www.postgresql.org/docs/current/static/executor.html"  target="_blank" rel="nofollow">http://www.postgresql.org/docs/current/static/executor.html</a></small></li> </ul> </li> </ul> <ol></ol> 			                <div class="clearfix"></div>
                <div class="col-md-12 mt-5">
                                        <p>上一个：<a href="/news/article-70927.htm">养猫的人容易得什么病十年（养猫的人容易得什么病十年了）</a></p>
                                        <p>下一个：<a href="/news/article-71568.htm">手把手教会将 Windows 窗体桌面应用从.NET Framework迁移到 .NET SDK/.NET 6 格式</a></p>
                                    </div>
                                    </div>
                    <div class="col-md-3">
                        <div class="panel panel-default">
    <div class="panel-heading">
        <h3 class="panel-title">热门文章</h3>
    </div>
    <div class="panel-body">
        <ul class="p-0 x-0" style="list-style: none;margin: 0;padding: 0;">
                        <li class="py-2"><a href="/news/article-41470.htm" title="CS基础课自学指南_在线工具">CS基础课自学指南_在线工具</a></li>
                        <li class="py-2"><a href="/free-nodes/2025-3-6-free-subscribe-node.htm" title="3月6日 | Vmess节点订阅每天更新22.8M/S免费节点订阅链接">3月6日 | Vmess节点订阅每天更新22.8M/S免费节点订阅链接</a></li>
                        <li class="py-2"><a href="/news/article-47905.htm" title="领养宠物赚收益吗（领养宠物要花钱吗）">领养宠物赚收益吗（领养宠物要花钱吗）</a></li>
                        <li class="py-2"><a href="/news/article-53071.htm" title="Spring定时执行@Scheduled从配置文件获取定时">Spring定时执行@Scheduled从配置文件获取定时</a></li>
                        <li class="py-2"><a href="/news/article-59199.htm" title="PowerShell中的复制项目用于什么？">PowerShell中的复制项目用于什么？</a></li>
                        <li class="py-2"><a href="/news/article-63308.htm" title="宠物买卖交易需要检验检疫证明的法律规定（宠物买卖行规）">宠物买卖交易需要检验检疫证明的法律规定（宠物买卖行规）</a></li>
                        <li class="py-2"><a href="/free-nodes/2025-2-12-vmess-node-share.htm" title="2月12日 | Vmess节点订阅每天更新22.7M/S免费节点订阅链接">2月12日 | Vmess节点订阅每天更新22.7M/S免费节点订阅链接</a></li>
                        <li class="py-2"><a href="/news/article-38011.htm" title="GIT 中如何打标签（git tag）">GIT 中如何打标签（git tag）</a></li>
                        <li class="py-2"><a href="/free-nodes/2025-3-11-node-share.htm" title="3月11日 | Vmess节点订阅每天更新22.7M/S免费节点订阅链接">3月11日 | Vmess节点订阅每天更新22.7M/S免费节点订阅链接</a></li>
                        <li class="py-2"><a href="/news/article-45442.htm" title="动物医院需要什么手续才能开（动物医院开设条件）">动物医院需要什么手续才能开（动物医院开设条件）</a></li>
                    </ul>
    </div>
</div>

<div class="panel panel-default">
    <div class="panel-heading">
        <h3 class="panel-title">归纳</h3>
    </div>
    <div class="panel-body">
        <ul class="p-0 x-0" style="list-style: none;margin: 0;padding: 0;">
                        <li class="py-2">
                <h4><span class="badge" style="float: right;">36</span> <a href="/date/2025-03/" title="2025-03 归档">2025-03</a></h4>
            </li>
                        <li class="py-2">
                <h4><span class="badge" style="float: right;">84</span> <a href="/date/2025-02/" title="2025-02 归档">2025-02</a></h4>
            </li>
                        <li class="py-2">
                <h4><span class="badge" style="float: right;">84</span> <a href="/date/2025-01/" title="2025-01 归档">2025-01</a></h4>
            </li>
                    </ul>
    </div>
</div>

                    </div>
                </div>
            </div>
        </div>
        <!-- Testimonial End -->
    </main>
        <footer>
        <!-- Footer Start-->
        <div class="footer-area">
            <div class="container">
                <div class="footer-bottom">
                    <div class="row d-flex justify-content-between align-items-center">
                        <div class="col-xl-9 col-lg-9 ">
                            <div class="footer-copy-right">
                            <p>
                                <a href="/">首页</a> | 
                                <a href="/free-node/">免费节点</a> | 
                                <a href="/news/">新闻资讯</a> |
                                <a href="/about-us.htm">关于我们</a> |
                                <a href="/disclaimer.htm">免责申明</a> |
                                <a href="/privacy.htm">隐私申明</a> |
                                <a href="/sitemap.xml">网站地图</a>
                            </p>
                                <p>
                                    FreeVmessNode免费订阅官网 版权所有 Powered by WordPress
                                </p>
                            </div>
                        </div>
                        <div class="col-xl-3 col-lg-3">
                            <!-- Footer Social -->
                            <div class="footer-social f-right">
                                <a href="#"><i class="fab fa-facebook-f"></i></a>
                                <a href="#"><i class="fab fa-twitter"></i></a>
                                <a href="#"><i class="fas fa-globe"></i></a>
                                <a href="#"><i class="fab fa-instagram"></i></a>
                            </div>
                        </div>
                    </div>
                </div>
            </div>
        </div>
        <!-- Footer End-->
    </footer>
    <!-- Scroll Up -->
    <div id="back-top">
        <a title="Go to Top" href="#"> <i class="fas fa-level-up-alt"></i></a>
    </div>
    <!-- JS here -->
    <!-- All JS Custom Plugins Link Here here -->
    <script src="/assets/website/js/frontend/freevmessnode/vendor/modernizr-3.5.0.min.js"></script>
    <!-- Jquery, Popper, Bootstrap -->
    <script src="/assets/website/js/frontend/freevmessnode/vendor/jquery-1.12.4.min.js"></script>
    <script src="/assets/website/js/frontend/freevmessnode/popper.min.js"></script>
    <script src="/assets/website/js/frontend/freevmessnode/bootstrap.min.js"></script>
    <!-- Jquery Mobile Menu -->
    <script src="/assets/website/js/frontend/freevmessnode/jquery.slicknav.min.js"></script>
    <!-- Jquery Slick , Owl-Carousel Plugins -->
    <script src="/assets/website/js/frontend/freevmessnode/owl.carousel.min.js"></script>
    <script src="/assets/website/js/frontend/freevmessnode/slick.min.js"></script>
    <!-- One Page, Animated-HeadLin -->
    <script src="/assets/website/js/frontend/freevmessnode/wow.min.js"></script>
    <script src="/assets/website/js/frontend/freevmessnode/animated.headline.js"></script>
    <script src="/assets/website/js/frontend/freevmessnode/jquery.magnific-popup.js"></script>
    <!-- Nice-select, sticky -->
    <script src="/assets/website/js/frontend/freevmessnode/jquery.nice-select.min.js"></script>
    <script src="/assets/website/js/frontend/freevmessnode/jquery.sticky.js"></script>
    <!-- contact js -->
    <script src="/assets/website/js/frontend/freevmessnode/contact.js"></script>
    <script src="/assets/website/js/frontend/freevmessnode/jquery.form.js"></script>
    <script src="/assets/website/js/frontend/freevmessnode/jquery.validate.min.js"></script>
    <script src="/assets/website/js/frontend/freevmessnode/mail-script.js"></script>
    <script src="/assets/website/js/frontend/freevmessnode/jquery.ajaxchimp.min.js"></script>
    <!-- Jquery Plugins, main Jquery -->
    <script src="/assets/website/js/frontend/freevmessnode/plugins.js"></script>
    <script src="/assets/website/js/frontend/freevmessnode/main.js"></script>
    <script src="https://www.freeclashnode.com/assets/js/frontend/invite-url.js"></script><script src="/assets/website/js/frontend/G.js"></script>
</body>

</html>